  CSampleCredential.cpp
D:\py_project\smile2unlock_cp\cpp\CSampleCredential.cpp(491,9): warning C4065: switch 语句包含“default”但是未包含“case”标签
D:\py_project\smile2unlock_cp\cpp\CSampleCredential.cpp(458,37): warning C4189: “cpfsShow”: 局部变量已初始化但不引用
D:\py_project\smile2unlock_cp\cpp\CSampleCredential.cpp(464,14): warning C4189: “hwndOwner”: 局部变量已初始化但不引用
  CSampleProvider.cpp
  Dll.cpp
  guid.cpp
  helpers.cpp
  正在生成代码...
D:\py_project\smile2unlock_cp\cpp\CSampleCredential.cpp(366,1): warning C4701: 使用了可能未初始化的局部变量“hr”
    正在创建库 D:\py_project\smile2unlock_cp\cpp\x64\Debug\SampleV2CredentialProvider.lib 和对象 D:\py_project\smile2unlock_cp\cpp\x64\Debug\SampleV2CredentialProvider.exp
CSampleCredential.obj : error LNK2019: 无法解析的外部符号 __imp__Py_NegativeRefcount，函数 Py_DECREF 中引用了该符号
CSampleCredential.obj : error LNK2019: 无法解析的外部符号 __imp__Py_RefTotal，函数 Py_DECREF 中引用了该符号
D:\py_project\smile2unlock_cp\cpp\x64\Debug\SampleV2CredentialProvider.dll : fatal error LNK1120: 2 个无法解析的外部命令
